

[1;32mPhoronix Test Suite v10.8.4[0m
[1;32mSystem Information[0m


  [1;30mPROCESSOR[0m:              [1;32mAMD Ryzen 7 7840HS @ 3.80GHz[0m
    [1mCore Count[0m:           8                                       
    [1mThread Count[0m:         16                                      
    [1mExtensions[0m:           SSE 4.2                                 
    [1m [0m                     + AVX512_VNNI                           
    [1m [0m                     + AVX512CD                              
    [1m [0m                     + AVX2                                  
    [1m [0m                     + AVX                                   
    [1m [0m                     + RDRAND                                
    [1m [0m                     + FSGSBASE                              
    [1mCache Size[0m:           16 MB                                   
    [1mMicrocode[0m:            0xa704101                               
    [1mCore Family[0m:          Family 25 Model 116                     
    [1mScaling Driver[0m:       acpi-cpufreq schedutil (Boost: Enabled) 

  [1;30mGRAPHICS[0m:               [1;32m(2700/2800MHz)[0m
    [1mFrequency[0m:            2700/2800MHz     
    [1mVulkan[0m:               1.3.238          

  [1;30mMOTHERBOARD[0m:            [1;32mAZW SER[0m
    [1mBIOS Version[0m:         SER7PRO_P5C8V30                              
    [1mChipset[0m:              AMD Device 14e8                              
    [1mAudio[0m:                AMD Device 1640                              
    [1mNetwork[0m:              Realtek RTL8125 2.5GbE + Intel Wi-Fi 6 AX200 

  [1;30mMEMORY[0m:                 [1;32m28GB[0m

  [1;30mDISK[0m:                   [1;32m4001GB Western Digital WD_BLACK SN850X 4000GB + 1000GB CT1000P3PSSD8[0m
    [1mFile-System[0m:          ext4                          
    [1mMount Options[0m:        errors=remount-ro relatime rw 
    [1mDisk Scheduler[0m:       NONE                          
    [1mDisk Details[0m:         Block Size: 4096              

  [1;30mOPERATING SYSTEM[0m:       [1;32mUbuntu 22.04[0m
    [1mKernel[0m:               6.2.0-39-generic (x86_64)                                                                                               
    [1mDesktop[0m:              GNOME Shell 42.9                                                                                                        
    [1mDisplay Server[0m:       X Server 1.21.1.4                                                                                                       
    [1mCompiler[0m:             GCC 11.4.0 + Clang 16.0.3                                                                                               
    [1mSecurity[0m:             gather_data_sampling: Not affected                                                                                      
    [1m [0m                     + itlb_multihit: Not affected                                                                                           
    [1m [0m                     + l1tf: Not affected                                                                                                    
    [1m [0m                     + mds: Not affected                                                                                                     
    [1m [0m                     + meltdown: Not affected                                                                                                
    [1m [0m                     + mmio_stale_data: Not affected                                                                                         
    [1m [0m                     + retbleed: Not affected                                                                                                
    [1m [0m                     + spec_rstack_overflow: Mitigation of safe RET no microcode                                                             
    [1m [0m                     + spec_store_bypass: Mitigation of SSB disabled via prctl                                                               
    [1m [0m                     + spectre_v1: Mitigation of usercopy/swapgs barriers and __user pointer sanitization                                    
    [1m [0m                     + spectre_v2: Mitigation of Retpolines IBPB: conditional IBRS_FW STIBP: always-on RSB filling PBRSB-eIBRS: Not affected 
    [1m [0m                     + srbds: Not affected                                                                                                   
    [1m [0m                     + tsx_async_abort: Not affected                                                                                         


        [1;32m[Performance Tip] The CPU scaling governor is currently not set to
        performance. It's possible to obtain greater performance if using
        the performance governor.[0m

        [1;30mTo change behavior, run: [0m

        [1;30mecho performance | tee
        /sys/devices/system/cpu/cpu*/cpufreq/scaling_governor[0m

        [1;31mReference:
        https://openbenchmarking.org/result/1706268-TR-CPUGOVERN32[0m


[1;36mTimed GCC Compilation 13.2:
    pts/build-gcc-1.4.0[0m
    Test 1 of 1
    Estimated Trial Run Count:    3                      
    Estimated Time To Completion: 57 Minutes [05:22 CST] 
        Running Pre-Test Script @ 04:26:38
        Started Run 1 @ 04:26:46
        Running Interim Test Script @ 04:45:28
        Started Run 2 @ 04:45:34
        Running Interim Test Script @ 05:04:18
        Started Run 3 @ 05:04:24
        Running Post-Test Script @ 05:23:09

    Time To Compile:
        [1;32m1120.047[0m
        1122.521
        [1;31m1122.927[0m

    Average: [1;34m1121.832 Seconds[0m
    Deviation: 0.14%


